<?xml version="1.0" encoding="UTF-8"?>
<!-- Generated by org.testng.reporters.JUnitReportReporter -->
<testsuite skipped="0" hostname="DESKTOP-AMOSNVQ" name="functionalTesting.DELETE_Request_01" tests="1" failures="0" timestamp="2021-03-26T17:48:47 EDT" time="2.866" errors="0">
  <testcase name="delete_request_test_01" time="2.866" classname="functionalTesting.DELETE_Request_01"/>
  <system-out/>
</testsuite> <!-- functionalTesting.DELETE_Request_01 -->
