<?xml version="1.0" encoding="UTF-8"?>
<!-- Generated by org.testng.reporters.JUnitReportReporter -->
<testsuite skipped="0" hostname="DESKTOP-AMOSNVQ" name="functionalTesting.Post_Request_02" tests="1" failures="0" timestamp="2021-03-28T21:27:27 EDT" time="3.273" errors="0">
  <testcase name="post_request_test" time="3.273" classname="functionalTesting.Post_Request_02"/>
  <system-out/>
</testsuite> <!-- functionalTesting.Post_Request_02 -->
