<?xml version="1.0" encoding="UTF-8"?>
<!-- Generated by org.testng.reporters.JUnitReportReporter -->
<testsuite skipped="0" hostname="DESKTOP-AMOSNVQ" name="studentApiTest.Serialization_Test" tests="1" failures="0" timestamp="2021-03-27T01:41:26 EDT" time="2.323" errors="0">
  <testcase name="serialization_test" time="2.323" classname="studentApiTest.Serialization_Test"/>
  <system-out/>
</testsuite> <!-- studentApiTest.Serialization_Test -->
