<?xml version="1.0" encoding="UTF-8"?>
<!-- Generated by org.testng.reporters.JUnitReportReporter -->
<testsuite skipped="0" hostname="DESKTOP-AMOSNVQ" name="functionalTesting.Weather_API_Response_Validation2" tests="1" failures="0" timestamp="2021-04-13T16:00:38 EDT" time="3.500" errors="0">
  <testcase name="getWeatherByCity" time="3.500" classname="functionalTesting.Weather_API_Response_Validation2"/>
  <system-out/>
</testsuite> <!-- functionalTesting.Weather_API_Response_Validation2 -->
