<?xml version="1.0" encoding="UTF-8"?>
<!-- Generated by org.testng.reporters.JUnitReportReporter -->
<testsuite skipped="0" hostname="DESKTOP-AMOSNVQ" name="deserializations.DeserializationTest" tests="1" failures="0" timestamp="2021-03-28T21:18:28 EDT" time="6.995" errors="0">
  <testcase name="deserialization_test" time="6.995" classname="deserializations.DeserializationTest"/>
  <system-out/>
</testsuite> <!-- deserializations.DeserializationTest -->
