<?xml version="1.0" encoding="UTF-8"?>
<!-- Generated by org.testng.reporters.JUnitReportReporter -->
<testsuite skipped="0" hostname="DESKTOP-AMOSNVQ" name="studentApiTest.Login_Credential_Test" tests="1" failures="0" timestamp="2021-03-27T02:01:25 EDT" time="0.020" errors="0">
  <testcase name="login_credentials_test" time="0.020" classname="studentApiTest.Login_Credential_Test"/>
  <system-out/>
</testsuite> <!-- studentApiTest.Login_Credential_Test -->
