<?xml version="1.0" encoding="UTF-8"?>
<!-- Generated by org.testng.reporters.JUnitReportReporter -->
<testsuite skipped="0" hostname="DESKTOP-AMOSNVQ" name="functionalTesting.Get_Request_01" tests="1" failures="0" timestamp="2021-03-28T21:26:05 EDT" time="3.117" errors="0">
  <testcase name="get_request_test" time="3.117" classname="functionalTesting.Get_Request_01"/>
  <system-out/>
</testsuite> <!-- functionalTesting.Get_Request_01 -->
