<?xml version="1.0" encoding="UTF-8"?>
<!-- Generated by org.testng.reporters.JUnitReportReporter -->
<testsuite skipped="0" hostname="DESKTOP-AMOSNVQ" name="functionalTesting.Github_API_OAuth2" tests="1" failures="0" timestamp="2021-04-11T23:55:42 EDT" time="3.264" errors="0">
  <testcase name="get_repo_of_specific_user" time="3.264" classname="functionalTesting.Github_API_OAuth2"/>
  <system-out/>
</testsuite> <!-- functionalTesting.Github_API_OAuth2 -->
