<?xml version="1.0" encoding="UTF-8"?>
<!-- Generated by org.testng.reporters.JUnitReportReporter -->
<testsuite skipped="0" hostname="DESKTOP-AMOSNVQ" name="functionalTesting.Weather_API_Key" tests="5" failures="0" timestamp="2021-04-13T12:10:36 EDT" time="4.211" errors="0">
  <testcase name="validateCountry" time="1.014" classname="functionalTesting.Weather_API_Key"/>
  <system-out/>
  <testcase name="validateContentTypeHeader" time="0.137" classname="functionalTesting.Weather_API_Key"/>
  <system-out/>
  <testcase name="getWeatherByCityName" time="2.839" classname="functionalTesting.Weather_API_Key"/>
  <system-out/>
  <testcase name="validateServerHeader" time="0.058" classname="functionalTesting.Weather_API_Key"/>
  <system-out/>
  <testcase name="validateWeather" time="0.163" classname="functionalTesting.Weather_API_Key"/>
  <system-out/>
</testsuite> <!-- functionalTesting.Weather_API_Key -->
