<?xml version="1.0" encoding="UTF-8"?>
<!-- Generated by org.testng.reporters.JUnitReportReporter -->
<testsuite skipped="0" hostname="DESKTOP-AMOSNVQ" name="studentApiTest.POST_API_Test_01" tests="1" failures="0" timestamp="2021-03-27T01:39:23 EDT" time="2.265" errors="0">
  <testcase name="valid_POST_Request_Test_01" time="2.265" classname="studentApiTest.POST_API_Test_01"/>
  <system-out/>
</testsuite> <!-- studentApiTest.POST_API_Test_01 -->
