<?xml version="1.0" encoding="UTF-8"?>
<!-- Generated by org.testng.reporters.JUnitReportReporter -->
<testsuite skipped="0" hostname="DESKTOP-AMOSNVQ" name="deserializations.DeserializationTest" tests="1" failures="0" timestamp="2021-03-27T19:00:23 EDT" time="3.334" errors="0">
  <testcase name="deserialization_test" time="3.334" classname="deserializations.DeserializationTest"/>
  <system-out/>
</testsuite> <!-- deserializations.DeserializationTest -->
