<?xml version="1.0" encoding="UTF-8"?>
<!-- Generated by org.testng.reporters.JUnitReportReporter -->
<testsuite skipped="0" hostname="DESKTOP-AMOSNVQ" name="functionalTesting.Weather_API_Response_Validation" tests="1" failures="0" timestamp="2021-04-13T16:58:30 EDT" time="2.710" errors="0">
  <testcase name="getWeatherByCity" time="2.710" classname="functionalTesting.Weather_API_Response_Validation"/>
  <system-out/>
</testsuite> <!-- functionalTesting.Weather_API_Response_Validation -->
