<?xml version="1.0" encoding="UTF-8"?>
<!-- Generated by org.testng.reporters.JUnitReportReporter -->
<testsuite skipped="0" hostname="DESKTOP-AMOSNVQ" name="base.TestBase" tests="1" failures="0" timestamp="2021-03-26T14:35:38 EDT" time="0.012" errors="0">
  <testcase name="utilsTest" time="0.012" classname="base.TestBase"/>
  <system-out/>
</testsuite> <!-- base.TestBase -->
