<?xml version="1.0" encoding="UTF-8"?>
<!-- Generated by org.testng.reporters.JUnitReportReporter -->
<testsuite skipped="0" hostname="DESKTOP-AMOSNVQ" name="studentApiTest.GET_API_Test_02" tests="1" failures="0" timestamp="2021-03-26T22:11:00 EDT" time="2.248" errors="0">
  <testcase name="GET_Request_Test_01" time="2.248" classname="studentApiTest.GET_API_Test_02"/>
  <system-out/>
</testsuite> <!-- studentApiTest.GET_API_Test_02 -->
