<?xml version="1.0" encoding="UTF-8"?>
<!-- Generated by org.testng.reporters.JUnitReportReporter -->
<testsuite skipped="0" hostname="DESKTOP-AMOSNVQ" name="functionalTesting.Post_Request_01" tests="1" failures="0" timestamp="2021-03-26T03:17:34 EDT" time="3.347" errors="0">
  <testcase name="post_request_test" time="3.347" classname="functionalTesting.Post_Request_01"/>
  <system-out/>
</testsuite> <!-- functionalTesting.Post_Request_01 -->
