<?xml version="1.0" encoding="UTF-8"?>
<!-- Generated by org.testng.reporters.JUnitReportReporter -->
<testsuite skipped="0" hostname="DESKTOP-AMOSNVQ" name="studentApiTest.GET_API_Test_01" tests="1" failures="0" timestamp="2021-03-26T20:48:20 EDT" time="2.093" errors="0">
  <testcase name="get_api_test_03" time="2.093" classname="studentApiTest.GET_API_Test_01"/>
  <system-out/>
</testsuite> <!-- studentApiTest.GET_API_Test_01 -->
